[MISS-COMP] 20060112010459_ML4.8 IC.KMI missing ['HHE', 'HHN']
[BAD-AMP-WINDOW] 20060516142759_ML2.5 TW.DBVB S=2006-05-16T14:28:03.197997 SURF=2006-05-16T14:28:06.415850 WIN=2006-05-16T14:28:03.197997->2006-05-16T14:28:04.415850
[BAD-AMP-WINDOW] 20070607052959_ML3.3 TW.LCVB S=2007-06-07T05:30:54.428002 SURF=2007-06-07T05:30:59.377749 WIN=2007-06-07T05:30:54.428002->2007-06-07T05:30:57.377749
[BAD-AMP-WINDOW] 20080110223559_ML2.3 TW.TGVB S=2008-01-10T22:36:02.558005 SURF=2008-01-10T22:36:03.399289 WIN=2008-01-10T22:36:02.558005->2008-01-10T22:36:01.399289
[BAD-AMP-WINDOW] 20080210024059_ML3.1 TW.TGVB S=2008-02-10T02:41:21.618001 SURF=2008-02-10T02:41:22.920024 WIN=2008-02-10T02:41:21.618001->2008-02-10T02:41:20.920024
[BAD-AMP-WINDOW] 20080807190958_ML3.0 TW.MCVB S=2008-08-07T19:09:34.738005 SURF=2008-08-07T19:09:40.721067 WIN=2008-08-07T19:09:34.738005->2008-08-07T19:09:38.721067
[BAD-AMP-WINDOW] 20081019205705_ML3.1 TW.LCVB S=2008-10-19T20:57:49.748002 SURF=2008-10-19T20:57:56.613832 WIN=2008-10-19T20:57:49.748002->2008-10-19T20:57:54.613832
[MISS-COMP] 20090201045220_ML3.3 TW.DBVB missing ['HHE']
[MISS-COMP] 20090427221744_ML3.2 TW.DBVB missing ['HHE']
[BAD-AMP-WINDOW] 20110428020153_M3.3 VN.MLVB S=2011-04-28T02:01:58.208001 SURF=2011-04-28T02:02:03.243156 WIN=2011-04-28T02:01:58.208001->2011-04-28T02:02:01.243156
[BAD-AMP-WINDOW] 20110803060621_M3.2 VN.TGVB S=2011-08-03T06:06:09.237999 SURF=2011-08-03T06:06:14.882980 WIN=2011-08-03T06:06:09.237999->2011-08-03T06:06:12.882980
[BAD-AMP-WINDOW] 20120911085947_M3.0 VN.BCVB S=2012-09-11T09:01:43.134099 SURF=2012-09-11T09:01:36.754000 WIN=2012-09-11T09:01:43.134099->2012-09-11T09:01:34.754000
[BAD-AMP-WINDOW] 20120911085947_M3.0 VN.LSVB S=2012-09-11T09:01:44.698129 SURF=2012-09-11T09:01:44.889123 WIN=2012-09-11T09:01:44.698129->2012-09-11T09:01:42.889123
[BAD-AMP-WINDOW] 20121122203125_M3.4 VN.CCVB S=2012-11-22T20:31:39.965208 SURF=2012-11-22T20:31:41.575688 WIN=2012-11-22T20:31:39.965208->2012-11-22T20:31:39.575688
[MISS-COMP] 20140111055607_M3.0 VN.MLAV missing ['HHE']
[MISS-COMP] 20150727191845_M3.3 VN.MLAV missing ['HHE']
[BAD-AMP-WINDOW] 20150924013925_M3.0 VN.TGVB S=2015-09-24T01:39:05.796999 SURF=2015-09-24T01:39:09.103605 WIN=2015-09-24T01:39:05.796999->2015-09-24T01:39:07.103605
[BAD-AMP-WINDOW] 20161216010941_M3.1 VN.MLVB S=2016-12-16T01:09:23.197000 SURF=2016-12-16T01:09:26.140557 WIN=2016-12-16T01:09:23.197000->2016-12-16T01:09:24.140557
[BAD-AMP-WINDOW] 20170516080549_M3.0 VN.BC3 S=2017-05-16T08:07:34.639998 SURF=2017-05-16T08:07:19.134835 WIN=2017-05-16T08:07:34.639998->2017-05-16T08:07:17.134835
[MISS-COMP] 20170516080549_M3.0 VN.MLAV missing ['HHN']
[BAD-AMP-WINDOW] 20171225080157_M3.3 VN.DBVB S=2017-12-25T08:01:34.018000 SURF=2017-12-25T08:01:37.890675 WIN=2017-12-25T08:01:34.018000->2017-12-25T08:01:35.890675
[BAD-AMP-WINDOW] 20180107201233_ML4.0 VN.DBVB S=2018-01-07T20:14:04.756995 SURF=2018-01-07T20:14:11.387219 WIN=2018-01-07T20:14:04.756995->2018-01-07T20:14:09.387219
[MISS-COMP] 20180108232005_ML4.3 VN.BKVB missing ['HHN']
[MISS-COMP] 20180108232005_ML4.3 VN.HBVB missing ['HHN']
[BAD-AMP-WINDOW] 20180108232645_ML2.9 VN.DBVB S=2018-01-08T23:27:28.307998 SURF=2018-01-08T23:27:34.322265 WIN=2018-01-08T23:27:28.307998->2018-01-08T23:27:32.322265
[BAD-AMP-WINDOW] 20180109144406_ML2.7 VN.DBVB S=2018-01-09T14:44:29.607998 SURF=2018-01-09T14:44:33.693368 WIN=2018-01-09T14:44:29.607998->2018-01-09T14:44:31.693368
[MISS-COMP] 20190112094645_ML3.0 VN.MCVB missing ['HHN']
[MISS-COMP] 20190521104755_ML4.0 VN.HBVB missing ['HHN']
[MISS-COMP] 20190622104124_ML3.7 VN.HBVB missing ['HHN']
[MISS-COMP] 20190701111450_ML3.3 VN.HBVB missing ['HHN']
[MISS-COMP] 20190714014956_ML3.5 VN.HBVB missing ['HHN']
[MISS-COMP] 20190714151156_ML3.6 VN.HBVB missing ['HHN']
[MISS-COMP] 20190827092730_ML3.1 VN.DBVB missing ['HHZ']
[MISS-COMP] 20190830222352_ML4.3 VN.HBVB missing ['HHN']
[MISS-COMP] 20190901090956_ML3.5 VN.HBVB missing ['HHN']
[BAD-AMP-WINDOW] 20191006043335_ML3.4 VN.CCA S=2019-10-06T04:34:27.329001 SURF=2019-10-06T04:34:30.659751 WIN=2019-10-06T04:34:27.329001->2019-10-06T04:34:28.659751
[MISS-COMP] 20191120083156_ML4.1 VN.HBVB missing ['HHN']
[MISS-COMP] 20191120083156_ML4.1 VN.THVB missing ['HHN']
[MISS-COMP] 20191127234457_ML4.8 VN.HBVB missing ['HHN']
[MISS-COMP] 20191127234457_ML4.8 VN.THVB missing ['HHN']
[MISS-COMP] 20191230123956_ML3.1 VN.HBVB missing ['HHN']
[MISS-COMP] 20200122212559_ML4.1 VN.HBVB missing ['HHN']
[MISS-COMP] 20200122212559_ML4.1 VN.HGVB missing ['HHZ']
[BAD-AMP-WINDOW] 20200219092617_ML3.3 VN.CB01 S=2020-02-19T09:26:35.627998 SURF=2020-02-19T09:26:41.733302 WIN=2020-02-19T09:26:35.627998->2020-02-19T09:26:39.733302
[MISS-COMP] 20200505215456_ML3.3 VN.HBVB missing ['HHN']
[MISS-COMP] 20200616061112_ML4.8 VN.HBVB missing ['HHN']
[MISS-COMP] 20200616061112_ML4.8 VN.THVB missing ['HHN']
[BAD-AMP-WINDOW] 20200628044025_ML2.6 VN.MTE2 S=2020-06-28T04:40:46.259999 SURF=2020-06-28T04:40:46.323211 WIN=2020-06-28T04:40:46.259999->2020-06-28T04:40:44.323211
[BAD-AMP-WINDOW] 20200727051155_ML5.0 VN.MCVB S=2020-07-27T05:14:24.027998 SURF=2020-07-27T05:14:28.314571 WIN=2020-07-27T05:14:24.027998->2020-07-27T05:14:26.314571
[MISS-COMP] 20200727051155_ML5.0 VN.THVB missing ['HHN']
[BAD-AMP-WINDOW] 20200727051157_ML5.1 VN.MCVB S=2020-07-27T05:14:24.138007 SURF=2020-07-27T05:14:29.089494 WIN=2020-07-27T05:14:24.138007->2020-07-27T05:14:27.089494
[MISS-COMP] 20200727051157_ML5.1 VN.SPVB missing ['HHZ']
[BAD-AMP-WINDOW] 20200727053656_ML3.0 VN.MCVB S=2020-07-27T05:39:32.267997 SURF=2020-07-27T05:39:37.100998 WIN=2020-07-27T05:39:32.267997->2020-07-27T05:39:35.100998
[BAD-AMP-WINDOW] 20200727053659_ML3.3 VN.MCVB S=2020-07-27T06:37:48.888000 SURF=2020-07-27T06:37:48.978262 WIN=2020-07-27T06:37:48.888000->2020-07-27T06:37:46.978262
[BAD-AMP-WINDOW] 20200727084957_ML3.4 VN.MCVB S=2020-07-27T08:52:00.908010 SURF=2020-07-27T08:52:06.479397 WIN=2020-07-27T08:52:00.908010->2020-07-27T08:52:04.479397
[BAD-AMP-WINDOW] 20200727084958_ML3.4 VN.MCVB S=2020-07-27T08:52:01.266990 SURF=2020-07-27T08:52:06.156163 WIN=2020-07-27T08:52:01.266990->2020-07-27T08:52:04.156163
[BAD-AMP-WINDOW] 20200727091456_ML3.3 VN.MCVB S=2020-07-27T09:16:43.637987 SURF=2020-07-27T09:16:48.511366 WIN=2020-07-27T09:16:43.637987->2020-07-27T09:16:46.511366
[BAD-AMP-WINDOW] 20200727091458_ML3.4 VN.MCVB S=2020-07-27T09:16:43.967990 SURF=2020-07-27T09:16:47.541880 WIN=2020-07-27T09:16:43.967990->2020-07-27T09:16:45.541880
[BAD-AMP-WINDOW] 20200727162248_ML2.6 VN.MCVB S=2020-07-27T16:22:37.986996 SURF=2020-07-27T16:22:40.552324 WIN=2020-07-27T16:22:37.986996->2020-07-27T16:22:38.552324
[BAD-AMP-WINDOW] 20200727231556_ML3.4 VN.MCVB S=2020-07-27T23:16:57.137999 SURF=2020-07-27T23:17:02.280463 WIN=2020-07-27T23:16:57.137999->2020-07-27T23:17:00.280463
[BAD-AMP-WINDOW] 20200727231559_ML3.0 VN.MCVB S=2020-07-27T23:16:57.407995 SURF=2020-07-27T23:17:02.782641 WIN=2020-07-27T23:16:57.407995->2020-07-27T23:17:00.782641
[MISS-COMP] 20200727231559_ML3.0 VN.THVB missing ['HHN']
[BAD-AMP-WINDOW] 20200728012456_ML4.1 VN.MCVB S=2020-07-28T01:26:19.238000 SURF=2020-07-28T01:26:23.059711 WIN=2020-07-28T01:26:19.238000->2020-07-28T01:26:21.059711
[BAD-AMP-WINDOW] 20200728012458_ML3.8 VN.MCVB S=2020-07-28T01:26:19.848002 SURF=2020-07-28T01:26:22.871072 WIN=2020-07-28T01:26:19.848002->2020-07-28T01:26:20.871072
[BAD-AMP-WINDOW] 20200728045956_ML3.1 VN.MCVB S=2020-07-28T05:00:42.857998 SURF=2020-07-28T05:00:46.126006 WIN=2020-07-28T05:00:42.857998->2020-07-28T05:00:44.126006
[BAD-AMP-WINDOW] 20200728045959_ML3.5 VN.MCVB S=2020-07-28T05:00:43.138004 SURF=2020-07-28T05:00:49.380742 WIN=2020-07-28T05:00:43.138004->2020-07-28T05:00:47.380742
[BAD-AMP-WINDOW] 20200728055918_ML2.7 VN.MCVB S=2020-07-28T05:59:50.077997 SURF=2020-07-28T05:59:54.385103 WIN=2020-07-28T05:59:50.077997->2020-07-28T05:59:52.385103
[MISS-COMP] 20200728055918_ML2.7 VN.THVB missing ['HHN']
[BAD-AMP-WINDOW] 20200728110657_ML3.4 VN.MCVB S=2020-07-28T11:07:41.307996 SURF=2020-07-28T11:07:45.027140 WIN=2020-07-28T11:07:41.307996->2020-07-28T11:07:43.027140
[BAD-AMP-WINDOW] 20200728110658_ML3.4 VN.MCVB S=2020-07-28T11:07:40.888006 SURF=2020-07-28T11:07:45.150633 WIN=2020-07-28T11:07:40.888006->2020-07-28T11:07:43.150633
[BAD-AMP-WINDOW] 20200728132556_ML3.5 VN.MCVB S=2020-07-28T13:27:53.388002 SURF=2020-07-28T13:27:57.459737 WIN=2020-07-28T13:27:53.388002->2020-07-28T13:27:55.459737
[BAD-AMP-WINDOW] 20200728132559_ML3.4 VN.MCVB S=2020-07-28T13:27:53.297985 SURF=2020-07-28T13:27:58.207793 WIN=2020-07-28T13:27:53.297985->2020-07-28T13:27:56.207793
[MISS-COMP] 20200728132559_ML3.4 VN.THVB missing ['HHN']
[BAD-AMP-WINDOW] 20200728141056_ML2.4 VN.MCVB S=2020-07-28T14:11:16.616998 SURF=2020-07-28T14:11:22.613760 WIN=2020-07-28T14:11:16.616998->2020-07-28T14:11:20.613760
[BAD-AMP-WINDOW] 20200731222756_ML3.7 VN.MCVB S=2020-07-31T22:30:50.498005 SURF=2020-07-31T22:30:53.401640 WIN=2020-07-31T22:30:50.498005->2020-07-31T22:30:51.401640
[BAD-AMP-WINDOW] 20200803101456_ML3.4 VN.MCVB S=2020-08-03T10:15:40.148000 SURF=2020-08-03T10:15:45.171516 WIN=2020-08-03T10:15:40.148000->2020-08-03T10:15:43.171516
[BAD-AMP-WINDOW] 20200803101458_ML3.5 VN.MCVB S=2020-08-03T12:07:17.218009 SURF=2020-08-03T12:07:16.724677 WIN=2020-08-03T12:07:17.218009->2020-08-03T12:07:14.724677
[BAD-AMP-WINDOW] 20200804151956_ML3.0 VN.MCVB S=2020-08-04T15:21:45.158002 SURF=2020-08-04T15:21:47.525642 WIN=2020-08-04T15:21:45.158002->2020-08-04T15:21:45.525642
[MISS-COMP] 20200804152104_ML3.0 VN.CBVB missing ['HHZ']
[MISS-COMP] 20200804152104_ML3.0 VN.HBVB missing ['HHN']
[MISS-COMP] 20200804152104_ML3.0 VN.MCVB missing ['HHZ']
[MISS-COMP] 20200804152104_ML3.0 VN.THVB missing ['HHN']
[BAD-AMP-WINDOW] 20200806104620_ML2.8 VN.MCVB S=2020-08-06T10:46:48.137998 SURF=2020-08-06T10:46:48.540999 WIN=2020-08-06T10:46:48.137998->2020-08-06T10:46:46.540999
[BAD-AMP-WINDOW] 20200806232756_ML3.3 VN.MCVB S=2020-08-06T23:29:27.278001 SURF=2020-08-06T23:29:30.946671 WIN=2020-08-06T23:29:27.278001->2020-08-06T23:29:28.946671
[BAD-AMP-WINDOW] 20200806232757_ML3.3 VN.MCVB S=2020-08-07T00:07:46.558000 SURF=2020-08-07T00:07:48.605429 WIN=2020-08-07T00:07:46.558000->2020-08-07T00:07:46.605429
[BAD-AMP-WINDOW] 20200807031756_ML3.1 VN.MCVB S=2020-08-07T03:18:58.097999 SURF=2020-08-07T03:19:03.177233 WIN=2020-08-07T03:18:58.097999->2020-08-07T03:19:01.177233
[BAD-AMP-WINDOW] 20200817011156_ML4.4 VN.MCVB S=2020-08-17T01:12:45.357997 SURF=2020-08-17T01:12:51.000464 WIN=2020-08-17T01:12:45.357997->2020-08-17T01:12:49.000464
[MISS-COMP] 20200817011156_ML4.4 VN.THVB missing ['HHN']
[BAD-AMP-WINDOW] 20200817011159_ML4.3 VN.MCVB S=2020-08-17T01:12:45.228000 SURF=2020-08-17T01:12:50.667806 WIN=2020-08-17T01:12:45.228000->2020-08-17T01:12:48.667806
[MISS-COMP] 20200817011159_ML4.3 VN.THVB missing ['HHN']
[BAD-AMP-WINDOW] 20200817012514_ML4.1 VN.MCVB S=2020-08-17T01:25:35.418001 SURF=2020-08-17T01:25:38.672289 WIN=2020-08-17T01:25:35.418001->2020-08-17T01:25:36.672289
[BAD-AMP-WINDOW] 20200817012956_ML3.2 VN.MCVB S=2020-08-17T01:33:18.777993 SURF=2020-08-17T01:33:22.102398 WIN=2020-08-17T01:33:18.777993->2020-08-17T01:33:20.102398
[MISS-COMP] 20200817032103_ML3.0 VN.THVB missing ['HHN']
[BAD-AMP-WINDOW] 20200817060033_ML3.2 VN.MCVB S=2020-08-17T06:00:44.678001 SURF=2020-08-17T06:00:51.003319 WIN=2020-08-17T06:00:44.678001->2020-08-17T06:00:49.003319
[BAD-AMP-WINDOW] 20200819182656_ML2.7 VN.MCVB S=2020-08-19T18:27:00.688005 SURF=2020-08-19T18:27:06.013166 WIN=2020-08-19T18:27:00.688005->2020-08-19T18:27:04.013166
[BAD-AMP-WINDOW] 20200909231535_ML2.0 VN.MCVB S=2020-09-09T23:16:17.778000 SURF=2020-09-09T23:16:21.987744 WIN=2020-09-09T23:16:17.778000->2020-09-09T23:16:19.987744
[BAD-AMP-WINDOW] 20200919214822_ML2.6 VN.MCVB S=2020-09-19T21:49:12.308000 SURF=2020-09-19T21:49:13.228175 WIN=2020-09-19T21:49:12.308000->2020-09-19T21:49:11.228175
[MISS-COMP] 20200919214822_ML2.6 VN.VCVB missing ['HHE']
[BAD-AMP-WINDOW] 20200921012456_ML3.1 VN.MCVB S=2020-09-21T01:25:11.257999 SURF=2020-09-21T01:25:14.964884 WIN=2020-09-21T01:25:11.257999->2020-09-21T01:25:12.964884
[BAD-AMP-WINDOW] 20200924135442_ML3.0 VN.MCVB S=2020-09-24T13:55:25.117997 SURF=2020-09-24T13:55:29.083131 WIN=2020-09-24T13:55:25.117997->2020-09-24T13:55:27.083131
[BAD-AMP-WINDOW] 20200924135504_ML3.0 VN.MCVB S=2020-09-24T13:55:25.117996 SURF=2020-09-24T13:55:29.083130 WIN=2020-09-24T13:55:25.117996->2020-09-24T13:55:27.083130
[MISS-COMP] 20200925003007_ML2.6 VN.THVB missing ['HHN']
[BAD-AMP-WINDOW] 20201018234402_ML2.1 VN.MCVB S=2020-10-18T23:44:54.227999 SURF=2020-10-18T23:44:58.547866 WIN=2020-10-18T23:44:54.227999->2020-10-18T23:44:56.547866
[BAD-AMP-WINDOW] 20201111071724_ML3.0 VN.MCVB S=2020-11-11T07:18:06.818001 SURF=2020-11-11T07:18:11.331240 WIN=2020-11-11T07:18:06.818001->2020-11-11T07:18:09.331240
[BAD-AMP-WINDOW] 20201120004642_ML2.9 VN.MCVB S=2020-11-20T00:47:16.417996 SURF=2020-11-20T00:47:19.579699 WIN=2020-11-20T00:47:16.417996->2020-11-20T00:47:17.579699
[MISS-COMP] 20201222180813_ML2.4 VN.MTE2 missing ['HHZ']
[MISS-COMP] 20201230190235_ML3.3 VN.DBVB missing ['HHN']
[BAD-AMP-WINDOW] 20210525004621_ML2.4 VN.TGVB S=2021-05-25T00:46:48.702006 SURF=2021-05-25T00:46:53.291610 WIN=2021-05-25T00:46:48.702006->2021-05-25T00:46:51.291610
[BAD-AMP-WINDOW] 20210526034133_ML2.2 VN.MCVB S=2021-05-26T03:41:34.098005 SURF=2021-05-26T03:41:38.896732 WIN=2021-05-26T03:41:34.098005->2021-05-26T03:41:36.896732
[BAD-AMP-WINDOW] 20210825121410_ML2.4 VN.DBVB S=2021-08-25T12:14:16.409429 SURF=2021-08-25T12:14:21.118000 WIN=2021-08-25T12:14:16.409429->2021-08-25T12:14:19.118000
[MISS-COMP] 20211204180121_ML2.3 VN.TGVB missing ['HHE']
[BAD-AMP-WINDOW] 20220110000819_ML2.4 VN.MTE2 S=2022-01-10T00:08:54.429005 SURF=2022-01-10T00:08:58.910410 WIN=2022-01-10T00:08:54.429005->2022-01-10T00:08:56.910410
[MISS-COMP] 20220314022136_ML3.9 VN.CCVB missing ['HHZ']
[BAD-AMP-WINDOW] 20220420215406_ML2.0 VN.MTE2 S=2022-04-20T21:54:53.920003 SURF=2022-04-20T21:54:57.864825 WIN=2022-04-20T21:54:53.920003->2022-04-20T21:54:55.864825
[BAD-AMP-WINDOW] 20220618094610_ML2.5 VN.TGVB S=2022-06-18T09:46:02.630001 SURF=2022-06-18T09:46:08.161251 WIN=2022-06-18T09:46:02.630001->2022-06-18T09:46:06.161251
[BAD-AMP-WINDOW] 20220717095218_ML3.4 VN.VN09 S=2022-07-17T09:52:46.458355 SURF=2022-07-17T09:52:47.618830 WIN=2022-07-17T09:52:46.458355->2022-07-17T09:52:45.618830
[BAD-AMP-WINDOW] 20220804115123_ML2.4 VN.VN09 S=2022-08-04T11:51:48.508001 SURF=2022-08-04T11:51:49.345319 WIN=2022-08-04T11:51:48.508001->2022-08-04T11:51:47.345319
[BAD-AMP-WINDOW] 20220806153901_ML2.5 VN.VN02 S=2022-08-06T15:39:26.158001 SURF=2022-08-06T15:39:29.490340 WIN=2022-08-06T15:39:26.158001->2022-08-06T15:39:27.490340
[BAD-AMP-WINDOW] 20220905213036_ML2.8 VN.MLVB S=2022-09-05T21:31:02.407998 SURF=2022-09-05T21:31:09.316809 WIN=2022-09-05T21:31:02.407998->2022-09-05T21:31:07.316809
[MISS-COMP] 20221002015545_ML3.7 VN.MCVB missing ['HHN']
[MISS-COMP] 20221003063414_ML2.8 VN.MCVB missing ['HHN']
[MISS-COMP] 20221003205912_ML2.3 VN.MCVB missing ['HHN']
[MISS-COMP] 20221005183619_ML3.2 VN.MCVB missing ['HHN']
[MISS-COMP] 20221010192653_ML3.9 VN.MCVB missing ['HHN']
